/anaconda3/envs/tensorflow/lib/python3.5/importlib/_bootstrap.py:222: RuntimeWarning: compiletime version 3.6 of module 'tensorflow.python.framework.fast_tensor_util' does not match runtime version 3.5
  return f(*args, **kwds)

Added 'nlp_spacy' to component cache. Key 'nlp_spacy-en'.
/anaconda3/envs/tensorflow/lib/python3.5/site-packages/rasa_nlu/extractors/entity_synonyms.py:85: UserWarning: Failed to load synonyms file from './models/current/nlu/entity_synonyms.json'
  "".format(entity_synonyms_file))

Started http server on port 5005
Up and running
Creating a new tracker for id 'default'.
/anaconda3/envs/tensorflow/lib/python3.5/site-packages/sklearn/preprocessing/label.py:151: DeprecationWarning: The truth value of an empty array is ambiguous. Returning False, but in future this will result in an error. Use `array.size > 0` to check that an array is not empty.
  if diff:

Received user message 'Hello' with intent '{'confidence': 0.7425564966624699, 'name': 'greet'}' and entities '[]'
Logged UserUtterance - tracker now has 2 events
Current slot values: 
	example_slot: None
Current tracker state [None, {}, {'intent_greet': 1.0, 'prev_action_listen': 1.0}]
There is a memorised next action '2'
Predicted next action using policy_0_MemoizationPolicy
Predicted next action 'utter_greet' with prob 1.00.
Bot utterance 'BotUttered(text: Hey, how can I help you?, data: null)'
Action 'utter_greet' ended with events '[]'
Current tracker state [{}, {'intent_greet': 1.0, 'prev_action_listen': 1.0}, {'intent_greet': 1.0, 'prev_utter_greet': 1.0}]
There is a memorised next action '0'
Predicted next action using policy_0_MemoizationPolicy
Predicted next action 'action_listen' with prob 1.00.
Action 'action_listen' ended with events '[]'
Current topic: None
Recreating tracker for id 'default'
/anaconda3/envs/tensorflow/lib/python3.5/site-packages/sklearn/preprocessing/label.py:151: DeprecationWarning: The truth value of an empty array is ambiguous. Returning False, but in future this will result in an error. Use `array.size > 0` to check that an array is not empty.
  if diff:

Received user message 'Where is my package?' with intent '{'confidence': 0.48483594975732736, 'name': 'goodbye'}' and entities '[]'
Logged UserUtterance - tracker now has 6 events
Current slot values: 
	example_slot: None
Current tracker state [{'intent_greet': 1.0, 'prev_action_listen': 1.0}, {'intent_greet': 1.0, 'prev_utter_greet': 1.0}, {'prev_action_listen': 1.0, 'intent_goodbye': 1.0}]
There is no memorised next action
Predicted next action using policy_1_KerasPolicy
Predicted next action 'utter_status' with prob 0.60.
Bot utterance 'BotUttered(text: The status is good, data: null)'
Action 'utter_status' ended with events '[]'
Current tracker state [{'intent_greet': 1.0, 'prev_utter_greet': 1.0}, {'prev_action_listen': 1.0, 'intent_goodbye': 1.0}, {'prev_utter_status': 1.0, 'intent_goodbye': 1.0}]
There is no memorised next action
Predicted next action using policy_1_KerasPolicy
Predicted next action 'action_listen' with prob 0.92.
Action 'action_listen' ended with events '[]'
Current topic: None
/anaconda3/envs/tensorflow/lib/python3.5/importlib/_bootstrap.py:222: RuntimeWarning: compiletime version 3.6 of module 'tensorflow.python.framework.fast_tensor_util' does not match runtime version 3.5
  return f(*args, **kwds)

Added 'nlp_spacy' to component cache. Key 'nlp_spacy-en'.
/anaconda3/envs/tensorflow/lib/python3.5/site-packages/rasa_nlu/extractors/entity_synonyms.py:85: UserWarning: Failed to load synonyms file from './models/current/nlu/entity_synonyms.json'
  "".format(entity_synonyms_file))

Started http server on port 5005
Up and running
Creating a new tracker for id 'default'.
/anaconda3/envs/tensorflow/lib/python3.5/site-packages/sklearn/preprocessing/label.py:151: DeprecationWarning: The truth value of an empty array is ambiguous. Returning False, but in future this will result in an error. Use `array.size > 0` to check that an array is not empty.
  if diff:

Received user message 'Where is my package?' with intent '{'confidence': 0.31516823177107856, 'name': 'package_status'}' and entities '[]'
Logged UserUtterance - tracker now has 2 events
Current slot values: 
	example_slot: None
Current tracker state [None, {}, {'prev_action_listen': 1.0, 'intent_package_status': 1.0}]
There is no memorised next action
Predicted next action using policy_1_KerasPolicy
Predicted next action 'action_listen' with prob 0.29.
Action 'action_listen' ended with events '[]'
Current topic: None
Recreating tracker for id 'default'
/anaconda3/envs/tensorflow/lib/python3.5/site-packages/sklearn/preprocessing/label.py:151: DeprecationWarning: The truth value of an empty array is ambiguous. Returning False, but in future this will result in an error. Use `array.size > 0` to check that an array is not empty.
  if diff:

Received user message 'Where is my package?' with intent '{'confidence': 0.31516823177107856, 'name': 'package_status'}' and entities '[]'
Logged UserUtterance - tracker now has 4 events
Current slot values: 
	example_slot: None
Current tracker state [{}, {'prev_action_listen': 1.0, 'intent_package_status': 1.0}, {'prev_action_listen': 1.0, 'intent_package_status': 1.0}]
There is no memorised next action
Predicted next action using policy_1_KerasPolicy
Predicted next action 'utter_status' with prob 0.38.
Bot utterance 'BotUttered(text: The status is good, data: null)'
Action 'utter_status' ended with events '[]'
Current tracker state [{'prev_action_listen': 1.0, 'intent_package_status': 1.0}, {'prev_action_listen': 1.0, 'intent_package_status': 1.0}, {'prev_utter_status': 1.0, 'intent_package_status': 1.0}]
There is no memorised next action
Predicted next action using policy_1_KerasPolicy
Predicted next action 'action_listen' with prob 0.79.
Action 'action_listen' ended with events '[]'
Current topic: None
Recreating tracker for id 'default'
/anaconda3/envs/tensorflow/lib/python3.5/site-packages/sklearn/preprocessing/label.py:151: DeprecationWarning: The truth value of an empty array is ambiguous. Returning False, but in future this will result in an error. Use `array.size > 0` to check that an array is not empty.
  if diff:

Received user message 'Hi' with intent '{'confidence': 0.20437698173344593, 'name': 'package_location'}' and entities '[]'
Logged UserUtterance - tracker now has 8 events
Current slot values: 
	example_slot: None
Current tracker state [{'prev_action_listen': 1.0, 'intent_package_status': 1.0}, {'prev_utter_status': 1.0, 'intent_package_status': 1.0}, {'prev_action_listen': 1.0, 'intent_package_location': 1.0}]
There is no memorised next action
Predicted next action using policy_1_KerasPolicy
Predicted next action 'utter_status' with prob 0.45.
Bot utterance 'BotUttered(text: The status is good, data: null)'
Action 'utter_status' ended with events '[]'
Current tracker state [{'prev_utter_status': 1.0, 'intent_package_status': 1.0}, {'prev_action_listen': 1.0, 'intent_package_location': 1.0}, {'prev_utter_status': 1.0, 'intent_package_location': 1.0}]
There is no memorised next action
Predicted next action using policy_1_KerasPolicy
Predicted next action 'action_listen' with prob 0.86.
Action 'action_listen' ended with events '[]'
Current topic: None
Recreating tracker for id 'default'
/anaconda3/envs/tensorflow/lib/python3.5/site-packages/sklearn/preprocessing/label.py:151: DeprecationWarning: The truth value of an empty array is ambiguous. Returning False, but in future this will result in an error. Use `array.size > 0` to check that an array is not empty.
  if diff:

Received user message 'Hi' with intent '{'confidence': 0.20437698173344593, 'name': 'package_location'}' and entities '[]'
Logged UserUtterance - tracker now has 12 events
Current slot values: 
	example_slot: None
Current tracker state [{'prev_action_listen': 1.0, 'intent_package_location': 1.0}, {'prev_utter_status': 1.0, 'intent_package_location': 1.0}, {'prev_action_listen': 1.0, 'intent_package_location': 1.0}]
There is no memorised next action
Predicted next action using policy_1_KerasPolicy
Predicted next action 'utter_status' with prob 0.44.
Bot utterance 'BotUttered(text: The status is good, data: null)'
Action 'utter_status' ended with events '[]'
Current tracker state [{'prev_utter_status': 1.0, 'intent_package_location': 1.0}, {'prev_action_listen': 1.0, 'intent_package_location': 1.0}, {'prev_utter_status': 1.0, 'intent_package_location': 1.0}]
There is no memorised next action
Predicted next action using policy_1_KerasPolicy
Predicted next action 'action_listen' with prob 0.88.
Action 'action_listen' ended with events '[]'
Current topic: None
Recreating tracker for id 'default'
/anaconda3/envs/tensorflow/lib/python3.5/site-packages/sklearn/preprocessing/label.py:151: DeprecationWarning: The truth value of an empty array is ambiguous. Returning False, but in future this will result in an error. Use `array.size > 0` to check that an array is not empty.
  if diff:

Received user message 'Hi' with intent '{'confidence': 0.20437698173344593, 'name': 'package_location'}' and entities '[]'
Logged UserUtterance - tracker now has 16 events
Current slot values: 
	example_slot: None
Current tracker state [{'prev_action_listen': 1.0, 'intent_package_location': 1.0}, {'prev_utter_status': 1.0, 'intent_package_location': 1.0}, {'prev_action_listen': 1.0, 'intent_package_location': 1.0}]
There is no memorised next action
Predicted next action using policy_1_KerasPolicy
Predicted next action 'utter_status' with prob 0.46.
Bot utterance 'BotUttered(text: The status is good, data: null)'
Action 'utter_status' ended with events '[]'
Current tracker state [{'prev_utter_status': 1.0, 'intent_package_location': 1.0}, {'prev_action_listen': 1.0, 'intent_package_location': 1.0}, {'prev_utter_status': 1.0, 'intent_package_location': 1.0}]
There is no memorised next action
Predicted next action using policy_1_KerasPolicy
Predicted next action 'action_listen' with prob 0.88.
Action 'action_listen' ended with events '[]'
Current topic: None
Recreating tracker for id 'default'
/anaconda3/envs/tensorflow/lib/python3.5/site-packages/sklearn/preprocessing/label.py:151: DeprecationWarning: The truth value of an empty array is ambiguous. Returning False, but in future this will result in an error. Use `array.size > 0` to check that an array is not empty.
  if diff:

Received user message 'Hi' with intent '{'confidence': 0.20437698173344593, 'name': 'package_location'}' and entities '[]'
Logged UserUtterance - tracker now has 20 events
Current slot values: 
	example_slot: None
Current tracker state [{'prev_action_listen': 1.0, 'intent_package_location': 1.0}, {'prev_utter_status': 1.0, 'intent_package_location': 1.0}, {'prev_action_listen': 1.0, 'intent_package_location': 1.0}]
There is no memorised next action
Predicted next action using policy_1_KerasPolicy
Predicted next action 'utter_status' with prob 0.46.
Bot utterance 'BotUttered(text: The status is good, data: null)'
Action 'utter_status' ended with events '[]'
Current tracker state [{'prev_utter_status': 1.0, 'intent_package_location': 1.0}, {'prev_action_listen': 1.0, 'intent_package_location': 1.0}, {'prev_utter_status': 1.0, 'intent_package_location': 1.0}]
There is no memorised next action
Predicted next action using policy_1_KerasPolicy
Predicted next action 'action_listen' with prob 0.88.
Action 'action_listen' ended with events '[]'
Current topic: None
/anaconda3/envs/tensorflow/lib/python3.5/importlib/_bootstrap.py:222: RuntimeWarning: compiletime version 3.6 of module 'tensorflow.python.framework.fast_tensor_util' does not match runtime version 3.5
  return f(*args, **kwds)

Added 'nlp_spacy' to component cache. Key 'nlp_spacy-en'.
/anaconda3/envs/tensorflow/lib/python3.5/site-packages/rasa_nlu/extractors/entity_synonyms.py:85: UserWarning: Failed to load synonyms file from './models/current/nlu/entity_synonyms.json'
  "".format(entity_synonyms_file))

Started http server on port 5005
Up and running
Creating a new tracker for id 'default'.
/anaconda3/envs/tensorflow/lib/python3.5/site-packages/sklearn/preprocessing/label.py:151: DeprecationWarning: The truth value of an empty array is ambiguous. Returning False, but in future this will result in an error. Use `array.size > 0` to check that an array is not empty.
  if diff:

Received user message 'Hi' with intent '{'confidence': 0.20424859245634835, 'name': 'package_location'}' and entities '[]'
Logged UserUtterance - tracker now has 2 events
Current slot values: 
	example_slot: None
Current tracker state [None, {}, {'prev_action_listen': 1.0, 'intent_package_location': 1.0}]
There is no memorised next action
Predicted next action using policy_1_KerasPolicy
Predicted next action 'action_listen' with prob 0.32.
Action 'action_listen' ended with events '[]'
Current topic: None
Recreating tracker for id 'default'
/anaconda3/envs/tensorflow/lib/python3.5/site-packages/sklearn/preprocessing/label.py:151: DeprecationWarning: The truth value of an empty array is ambiguous. Returning False, but in future this will result in an error. Use `array.size > 0` to check that an array is not empty.
  if diff:

Received user message 'Hi' with intent '{'confidence': 0.20424859245634835, 'name': 'package_location'}' and entities '[]'
Logged UserUtterance - tracker now has 4 events
Current slot values: 
	example_slot: None
Current tracker state [{}, {'prev_action_listen': 1.0, 'intent_package_location': 1.0}, {'prev_action_listen': 1.0, 'intent_package_location': 1.0}]
There is no memorised next action
Predicted next action using policy_1_KerasPolicy
Predicted next action 'action_listen' with prob 0.41.
Action 'action_listen' ended with events '[]'
Current topic: None
Recreating tracker for id 'default'
/anaconda3/envs/tensorflow/lib/python3.5/site-packages/sklearn/preprocessing/label.py:151: DeprecationWarning: The truth value of an empty array is ambiguous. Returning False, but in future this will result in an error. Use `array.size > 0` to check that an array is not empty.
  if diff:

Received user message 'Hi' with intent '{'confidence': 0.20424859245634835, 'name': 'package_location'}' and entities '[]'
Logged UserUtterance - tracker now has 6 events
Current slot values: 
	example_slot: None
Current tracker state [{'prev_action_listen': 1.0, 'intent_package_location': 1.0}, {'prev_action_listen': 1.0, 'intent_package_location': 1.0}, {'prev_action_listen': 1.0, 'intent_package_location': 1.0}]
There is no memorised next action
Predicted next action using policy_1_KerasPolicy
Predicted next action 'action_listen' with prob 0.41.
Action 'action_listen' ended with events '[]'
Current topic: None
Recreating tracker for id 'default'
/anaconda3/envs/tensorflow/lib/python3.5/site-packages/sklearn/preprocessing/label.py:151: DeprecationWarning: The truth value of an empty array is ambiguous. Returning False, but in future this will result in an error. Use `array.size > 0` to check that an array is not empty.
  if diff:

Received user message 'Hello' with intent '{'confidence': 0.18626107701916741, 'name': 'package_delay'}' and entities '[]'
Logged UserUtterance - tracker now has 8 events
Current slot values: 
	example_slot: None
Current tracker state [{'prev_action_listen': 1.0, 'intent_package_location': 1.0}, {'prev_action_listen': 1.0, 'intent_package_location': 1.0}, {'prev_action_listen': 1.0, 'intent_package_delay': 1.0}]
There is no memorised next action
Predicted next action using policy_1_KerasPolicy
Predicted next action 'action_listen' with prob 0.46.
Action 'action_listen' ended with events '[]'
Current topic: None
Recreating tracker for id 'default'
/anaconda3/envs/tensorflow/lib/python3.5/site-packages/sklearn/preprocessing/label.py:151: DeprecationWarning: The truth value of an empty array is ambiguous. Returning False, but in future this will result in an error. Use `array.size > 0` to check that an array is not empty.
  if diff:

Received user message 'Hello' with intent '{'confidence': 0.18626107701916741, 'name': 'package_delay'}' and entities '[]'
Logged UserUtterance - tracker now has 10 events
Current slot values: 
	example_slot: None
Current tracker state [{'prev_action_listen': 1.0, 'intent_package_location': 1.0}, {'prev_action_listen': 1.0, 'intent_package_delay': 1.0}, {'prev_action_listen': 1.0, 'intent_package_delay': 1.0}]
There is no memorised next action
Predicted next action using policy_1_KerasPolicy
Predicted next action 'action_listen' with prob 0.49.
Action 'action_listen' ended with events '[]'
Current topic: None
Recreating tracker for id 'default'
/anaconda3/envs/tensorflow/lib/python3.5/site-packages/sklearn/preprocessing/label.py:151: DeprecationWarning: The truth value of an empty array is ambiguous. Returning False, but in future this will result in an error. Use `array.size > 0` to check that an array is not empty.
  if diff:

Received user message 'Where is my package?' with intent '{'confidence': 0.3138258066109962, 'name': 'package_status'}' and entities '[]'
Logged UserUtterance - tracker now has 12 events
Current slot values: 
	example_slot: None
Current tracker state [{'prev_action_listen': 1.0, 'intent_package_delay': 1.0}, {'prev_action_listen': 1.0, 'intent_package_delay': 1.0}, {'prev_action_listen': 1.0, 'intent_package_status': 1.0}]
There is no memorised next action
Predicted next action using policy_1_KerasPolicy
Predicted next action 'action_listen' with prob 0.48.
Action 'action_listen' ended with events '[]'
Current topic: None
Recreating tracker for id 'default'
/anaconda3/envs/tensorflow/lib/python3.5/site-packages/sklearn/preprocessing/label.py:151: DeprecationWarning: The truth value of an empty array is ambiguous. Returning False, but in future this will result in an error. Use `array.size > 0` to check that an array is not empty.
  if diff:

Received user message 'My package is delayed' with intent '{'confidence': 0.34777455627637593, 'name': 'package_status'}' and entities '[]'
Logged UserUtterance - tracker now has 14 events
Current slot values: 
	example_slot: None
Current tracker state [{'prev_action_listen': 1.0, 'intent_package_delay': 1.0}, {'prev_action_listen': 1.0, 'intent_package_status': 1.0}, {'prev_action_listen': 1.0, 'intent_package_status': 1.0}]
There is no memorised next action
Predicted next action using policy_1_KerasPolicy
Predicted next action 'action_listen' with prob 0.52.
Action 'action_listen' ended with events '[]'
Current topic: None
/anaconda3/envs/tensorflow/lib/python3.5/importlib/_bootstrap.py:222: RuntimeWarning: compiletime version 3.6 of module 'tensorflow.python.framework.fast_tensor_util' does not match runtime version 3.5
  return f(*args, **kwds)

Added 'nlp_spacy' to component cache. Key 'nlp_spacy-en'.
/anaconda3/envs/tensorflow/lib/python3.5/site-packages/rasa_nlu/extractors/entity_synonyms.py:85: UserWarning: Failed to load synonyms file from './models/current/nlu/entity_synonyms.json'
  "".format(entity_synonyms_file))

Started http server on port 5005
Up and running
Creating a new tracker for id 'default'.
/anaconda3/envs/tensorflow/lib/python3.5/site-packages/sklearn/preprocessing/label.py:151: DeprecationWarning: The truth value of an empty array is ambiguous. Returning False, but in future this will result in an error. Use `array.size > 0` to check that an array is not empty.
  if diff:

Received user message 'Hi' with intent '{'name': 'package_location', 'confidence': 0.2072286129895085}' and entities '[]'
Logged UserUtterance - tracker now has 2 events
Current slot values: 
	example_slot: None
Current tracker state [None, {}, {'intent_package_location': 1.0, 'prev_action_listen': 1.0}]
There is no memorised next action
Predicted next action using policy_1_KerasPolicy
Predicted next action 'utter_greet' with prob 0.28.
Bot utterance 'BotUttered(text: Hey, how can I help you?, data: null)'
Action 'utter_greet' ended with events '[]'
Current tracker state [{}, {'intent_package_location': 1.0, 'prev_action_listen': 1.0}, {'intent_package_location': 1.0, 'prev_utter_greet': 1.0}]
There is no memorised next action
Predicted next action using policy_1_KerasPolicy
Predicted next action 'action_listen' with prob 0.59.
Action 'action_listen' ended with events '[]'
Current topic: None
Recreating tracker for id 'default'
/anaconda3/envs/tensorflow/lib/python3.5/site-packages/sklearn/preprocessing/label.py:151: DeprecationWarning: The truth value of an empty array is ambiguous. Returning False, but in future this will result in an error. Use `array.size > 0` to check that an array is not empty.
  if diff:

Received user message 'My package is delayed' with intent '{'name': 'package_status', 'confidence': 0.3502412783775658}' and entities '[]'
Logged UserUtterance - tracker now has 6 events
Current slot values: 
	example_slot: None
Current tracker state [{'intent_package_location': 1.0, 'prev_action_listen': 1.0}, {'intent_package_location': 1.0, 'prev_utter_greet': 1.0}, {'prev_action_listen': 1.0, 'intent_package_status': 1.0}]
There is no memorised next action
Predicted next action using policy_1_KerasPolicy
Predicted next action 'utter_status' with prob 0.45.
Bot utterance 'BotUttered(text: The status is good, data: null)'
Action 'utter_status' ended with events '[]'
Current tracker state [{'intent_package_location': 1.0, 'prev_utter_greet': 1.0}, {'prev_action_listen': 1.0, 'intent_package_status': 1.0}, {'prev_utter_status': 1.0, 'intent_package_status': 1.0}]
There is no memorised next action
Predicted next action using policy_1_KerasPolicy
Predicted next action 'action_listen' with prob 0.89.
Action 'action_listen' ended with events '[]'
Current topic: None
/anaconda3/envs/tensorflow/lib/python3.5/importlib/_bootstrap.py:222: RuntimeWarning: compiletime version 3.6 of module 'tensorflow.python.framework.fast_tensor_util' does not match runtime version 3.5
  return f(*args, **kwds)

Added 'nlp_spacy' to component cache. Key 'nlp_spacy-en'.
/anaconda3/envs/tensorflow/lib/python3.5/site-packages/rasa_nlu/extractors/entity_synonyms.py:85: UserWarning: Failed to load synonyms file from './models/current/nlu/entity_synonyms.json'
  "".format(entity_synonyms_file))

Started http server on port 5005
Up and running
/anaconda3/envs/tensorflow/lib/python3.5/importlib/_bootstrap.py:222: RuntimeWarning: compiletime version 3.6 of module 'tensorflow.python.framework.fast_tensor_util' does not match runtime version 3.5
  return f(*args, **kwds)

Added 'nlp_spacy' to component cache. Key 'nlp_spacy-en'.
/anaconda3/envs/tensorflow/lib/python3.5/site-packages/rasa_nlu/extractors/entity_synonyms.py:85: UserWarning: Failed to load synonyms file from './models/current/nlu/entity_synonyms.json'
  "".format(entity_synonyms_file))

Started http server on port 5005
Up and running
/anaconda3/envs/tensorflow/lib/python3.5/importlib/_bootstrap.py:222: RuntimeWarning: compiletime version 3.6 of module 'tensorflow.python.framework.fast_tensor_util' does not match runtime version 3.5
  return f(*args, **kwds)

Added 'nlp_spacy' to component cache. Key 'nlp_spacy-en'.
/anaconda3/envs/tensorflow/lib/python3.5/site-packages/rasa_nlu/extractors/entity_synonyms.py:85: UserWarning: Failed to load synonyms file from './models/current/nlu/entity_synonyms.json'
  "".format(entity_synonyms_file))

Started http server on port 5005
Up and running
Creating a new tracker for id 'default'.
/anaconda3/envs/tensorflow/lib/python3.5/site-packages/sklearn/preprocessing/label.py:151: DeprecationWarning: The truth value of an empty array is ambiguous. Returning False, but in future this will result in an error. Use `array.size > 0` to check that an array is not empty.
  if diff:

Received user message 'Hi' with intent '{'name': 'greet', 'confidence': 0.7249634909323457}' and entities '[]'
Logged UserUtterance - tracker now has 2 events
Current slot values: 
	packageDeliveryDay: None
	packageDeliveryTime: None
	packageId: None
Current tracker state [None, {}, {'intent_greet': 1.0, 'prev_action_listen': 1.0}]
There is no memorised next action
Predicted next action using policy_1_KerasPolicy
Predicted next action 'action_listen' with prob 0.47.
Action 'action_listen' ended with events '[]'
Current topic: None
Recreating tracker for id 'default'
/anaconda3/envs/tensorflow/lib/python3.5/site-packages/sklearn/preprocessing/label.py:151: DeprecationWarning: The truth value of an empty array is ambiguous. Returning False, but in future this will result in an error. Use `array.size > 0` to check that an array is not empty.
  if diff:

Received user message 'Hi' with intent '{'name': 'greet', 'confidence': 0.7249634909323457}' and entities '[]'
Logged UserUtterance - tracker now has 4 events
Current slot values: 
	packageDeliveryDay: None
	packageDeliveryTime: None
	packageId: None
Current tracker state [{}, {'intent_greet': 1.0, 'prev_action_listen': 1.0}, {'intent_greet': 1.0, 'prev_action_listen': 1.0}]
There is no memorised next action
Predicted next action using policy_1_KerasPolicy
Predicted next action 'action_listen' with prob 0.56.
Action 'action_listen' ended with events '[]'
Current topic: None
Recreating tracker for id 'default'
/anaconda3/envs/tensorflow/lib/python3.5/site-packages/sklearn/preprocessing/label.py:151: DeprecationWarning: The truth value of an empty array is ambiguous. Returning False, but in future this will result in an error. Use `array.size > 0` to check that an array is not empty.
  if diff:

Received user message 'Hi' with intent '{'name': 'greet', 'confidence': 0.7249634909323457}' and entities '[]'
Logged UserUtterance - tracker now has 6 events
Current slot values: 
	packageDeliveryDay: None
	packageDeliveryTime: None
	packageId: None
Current tracker state [{'intent_greet': 1.0, 'prev_action_listen': 1.0}, {'intent_greet': 1.0, 'prev_action_listen': 1.0}, {'intent_greet': 1.0, 'prev_action_listen': 1.0}]
There is no memorised next action
Predicted next action using policy_1_KerasPolicy
Predicted next action 'action_listen' with prob 0.57.
Action 'action_listen' ended with events '[]'
Current topic: None
Recreating tracker for id 'default'
/anaconda3/envs/tensorflow/lib/python3.5/site-packages/sklearn/preprocessing/label.py:151: DeprecationWarning: The truth value of an empty array is ambiguous. Returning False, but in future this will result in an error. Use `array.size > 0` to check that an array is not empty.
  if diff:

Received user message 'Hi' with intent '{'name': 'greet', 'confidence': 0.7249634909323457}' and entities '[]'
Logged UserUtterance - tracker now has 8 events
Current slot values: 
	packageDeliveryDay: None
	packageDeliveryTime: None
	packageId: None
Current tracker state [{'intent_greet': 1.0, 'prev_action_listen': 1.0}, {'intent_greet': 1.0, 'prev_action_listen': 1.0}, {'intent_greet': 1.0, 'prev_action_listen': 1.0}]
There is no memorised next action
Predicted next action using policy_1_KerasPolicy
Predicted next action 'action_listen' with prob 0.58.
Action 'action_listen' ended with events '[]'
Current topic: None
Recreating tracker for id 'default'
/anaconda3/envs/tensorflow/lib/python3.5/site-packages/sklearn/preprocessing/label.py:151: DeprecationWarning: The truth value of an empty array is ambiguous. Returning False, but in future this will result in an error. Use `array.size > 0` to check that an array is not empty.
  if diff:

Received user message 'Hi' with intent '{'name': 'greet', 'confidence': 0.7249634909323457}' and entities '[]'
Logged UserUtterance - tracker now has 10 events
Current slot values: 
	packageDeliveryDay: None
	packageDeliveryTime: None
	packageId: None
Current tracker state [{'intent_greet': 1.0, 'prev_action_listen': 1.0}, {'intent_greet': 1.0, 'prev_action_listen': 1.0}, {'intent_greet': 1.0, 'prev_action_listen': 1.0}]
There is no memorised next action
Predicted next action using policy_1_KerasPolicy
Predicted next action 'action_listen' with prob 0.60.
Action 'action_listen' ended with events '[]'
Current topic: None
Recreating tracker for id 'default'
/anaconda3/envs/tensorflow/lib/python3.5/site-packages/sklearn/preprocessing/label.py:151: DeprecationWarning: The truth value of an empty array is ambiguous. Returning False, but in future this will result in an error. Use `array.size > 0` to check that an array is not empty.
  if diff:

Received user message 'Hi' with intent '{'name': 'greet', 'confidence': 0.7249634909323457}' and entities '[]'
Logged UserUtterance - tracker now has 12 events
Current slot values: 
	packageDeliveryDay: None
	packageDeliveryTime: None
	packageId: None
Current tracker state [{'intent_greet': 1.0, 'prev_action_listen': 1.0}, {'intent_greet': 1.0, 'prev_action_listen': 1.0}, {'intent_greet': 1.0, 'prev_action_listen': 1.0}]
There is no memorised next action
Predicted next action using policy_1_KerasPolicy
Predicted next action 'action_listen' with prob 0.60.
Action 'action_listen' ended with events '[]'
Current topic: None
Recreating tracker for id 'default'
/anaconda3/envs/tensorflow/lib/python3.5/site-packages/sklearn/preprocessing/label.py:151: DeprecationWarning: The truth value of an empty array is ambiguous. Returning False, but in future this will result in an error. Use `array.size > 0` to check that an array is not empty.
  if diff:

Received user message 'Hi' with intent '{'name': 'greet', 'confidence': 0.7249634909323457}' and entities '[]'
Logged UserUtterance - tracker now has 14 events
Current slot values: 
	packageDeliveryDay: None
	packageDeliveryTime: None
	packageId: None
Current tracker state [{'intent_greet': 1.0, 'prev_action_listen': 1.0}, {'intent_greet': 1.0, 'prev_action_listen': 1.0}, {'intent_greet': 1.0, 'prev_action_listen': 1.0}]
There is no memorised next action
Predicted next action using policy_1_KerasPolicy
Predicted next action 'action_listen' with prob 0.60.
Action 'action_listen' ended with events '[]'
Current topic: None
Recreating tracker for id 'default'
/anaconda3/envs/tensorflow/lib/python3.5/site-packages/sklearn/preprocessing/label.py:151: DeprecationWarning: The truth value of an empty array is ambiguous. Returning False, but in future this will result in an error. Use `array.size > 0` to check that an array is not empty.
  if diff:

Received user message 'Where is my package?' with intent '{'name': 'package_status', 'confidence': 0.7037807904306257}' and entities '[]'
Logged UserUtterance - tracker now has 16 events
Current slot values: 
	packageDeliveryDay: None
	packageDeliveryTime: None
	packageId: None
Current tracker state [{'intent_greet': 1.0, 'prev_action_listen': 1.0}, {'intent_greet': 1.0, 'prev_action_listen': 1.0}, {'intent_package_status': 1.0, 'prev_action_listen': 1.0}]
There is no memorised next action
Predicted next action using policy_1_KerasPolicy
Predicted next action 'action_listen' with prob 0.71.
Action 'action_listen' ended with events '[]'
Current topic: None
Recreating tracker for id 'default'
/anaconda3/envs/tensorflow/lib/python3.5/site-packages/sklearn/preprocessing/label.py:151: DeprecationWarning: The truth value of an empty array is ambiguous. Returning False, but in future this will result in an error. Use `array.size > 0` to check that an array is not empty.
  if diff:

Received user message 'Where is my package?' with intent '{'name': 'package_status', 'confidence': 0.7037807904306257}' and entities '[]'
Logged UserUtterance - tracker now has 18 events
Current slot values: 
	packageDeliveryDay: None
	packageDeliveryTime: None
	packageId: None
Current tracker state [{'intent_greet': 1.0, 'prev_action_listen': 1.0}, {'intent_package_status': 1.0, 'prev_action_listen': 1.0}, {'intent_package_status': 1.0, 'prev_action_listen': 1.0}]
There is no memorised next action
Predicted next action using policy_1_KerasPolicy
Predicted next action 'action_listen' with prob 0.67.
Action 'action_listen' ended with events '[]'
Current topic: None
Recreating tracker for id 'default'
/anaconda3/envs/tensorflow/lib/python3.5/site-packages/sklearn/preprocessing/label.py:151: DeprecationWarning: The truth value of an empty array is ambiguous. Returning False, but in future this will result in an error. Use `array.size > 0` to check that an array is not empty.
  if diff:

Received user message 'Hi' with intent '{'name': 'greet', 'confidence': 0.7249634909323457}' and entities '[]'
Logged UserUtterance - tracker now has 20 events
Current slot values: 
	packageDeliveryDay: None
	packageDeliveryTime: None
	packageId: None
Current tracker state [{'intent_package_status': 1.0, 'prev_action_listen': 1.0}, {'intent_package_status': 1.0, 'prev_action_listen': 1.0}, {'intent_greet': 1.0, 'prev_action_listen': 1.0}]
There is no memorised next action
Predicted next action using policy_1_KerasPolicy
Predicted next action 'action_listen' with prob 0.47.
Action 'action_listen' ended with events '[]'
Current topic: None
